C51 COMPILER V9.60.0.0   UART                                                              05/13/2020 16:24:55 PAGE 1   


C51 COMPILER V9.60.0.0, COMPILATION OF MODULE UART
OBJECT MODULE PLACED IN uart.OBJ
COMPILER INVOKED BY: D:\Keil_v5\C51\BIN\C51.EXE uart.c OPTIMIZE(8,SPEED) BROWSE INCDIR(D:\Keil_v5\C51\INC\STC) DEBUG OBJ
                    -ECTEXTEND

line level    source

   1          #include "uart.h"
   2          
   3          
   4          void UartInit(void)             //9600bps@11.0592MHz
   5          {
   6   1              PCON &= 0x7F;           //波特率不倍速
   7   1              SCON = 0x50;            //8位数据,可变波特率
   8   1              AUXR |= 0x40;           //定时器1时钟为Fosc,即1T
   9   1              AUXR &= 0xFE;           //串口1选择定时器1为波特率发生器
  10   1              TMOD &= 0x0F;           //清除定时器1模式位
  11   1              TMOD |= 0x20;           //设定定时器1为8位自动重装方式
  12   1              TL1 = 0xDC;             //设定定时初值
  13   1              TH1 = 0xDC;             //设定定时器重装值
  14   1              ET1 = 0;                //禁止定时器1中断
  15   1              TR1 = 1;                //启动定时器1
  16   1      }
  17          
  18          /*----------------------------
  19          发送串口数据
  20          ----------------------------*/
  21          void SendData(unsigned char ch)
  22          {
  23   1          SBUF = ch;                 //写数据到UART数据寄存器
  24   1                      while(TI == 0);
  25   1                      TI = 0;
  26   1      }
  27          
  28          /*----------------------------
  29          发送字符串
  30          ----------------------------*/
  31          void SendString(char *s)
  32          {
  33   1          while (*s)                  //检测字符串结束标志
  34   1          {
  35   2              SendData(*s++);         //发送当前字符
  36   2          }
  37   1      }
  38          


MODULE INFORMATION:   STATIC OVERLAYABLE
   CODE SIZE        =     74    ----
   CONSTANT SIZE    =   ----    ----
   XDATA SIZE       =   ----    ----
   PDATA SIZE       =   ----    ----
   DATA SIZE        =   ----       3
   IDATA SIZE       =   ----    ----
   BIT SIZE         =   ----    ----
END OF MODULE INFORMATION.


C51 COMPILATION COMPLETE.  0 WARNING(S),  0 ERROR(S)
